[INFO] Scanning for projects...
[WARNING] 
[WARNING] Some problems were encountered while building the effective model for com.sishuok:es-common:jar:1.0-SNAPSHOT
[WARNING] 'dependencies.dependency.(groupId:artifactId:type:classifier)' must be unique: com.octo.captcha:jcaptcha-api:jar -> version ${jcaptcha.version} vs 1.0 @ com.sishuok:es-parent:1.0-SNAPSHOT, /Users/Jerry/Documents/IdeaProjects/es/parent/pom.xml, line 667, column 21
[WARNING] 
[WARNING] Some problems were encountered while building the effective model for com.sishuok:es-web:war:1.0-SNAPSHOT
[WARNING] 'dependencies.dependency.(groupId:artifactId:type:classifier)' must be unique: com.octo.captcha:jcaptcha-api:jar -> version ${jcaptcha.version} vs 1.0 @ com.sishuok:es-parent:1.0-SNAPSHOT, /Users/Jerry/Documents/IdeaProjects/es/parent/pom.xml, line 667, column 21
[WARNING] 
[WARNING] Some problems were encountered while building the effective model for com.sishuok:es-parent:pom:1.0-SNAPSHOT
[WARNING] 'dependencies.dependency.(groupId:artifactId:type:classifier)' must be unique: com.octo.captcha:jcaptcha-api:jar -> version ${jcaptcha.version} vs 1.0 @ line 667, column 21
[WARNING] 
[WARNING] It is highly recommended to fix these problems because they threaten the stability of your build.
[WARNING] 
[WARNING] For this reason, future Maven versions might no longer support building such malformed projects.
[WARNING] 
[INFO] ------------------------------------------------------------------------
[INFO] Reactor Build Order:
[INFO] 
[INFO] es
[INFO] parent
[INFO] common
[INFO] web
[INFO]                                                                         
[INFO] ------------------------------------------------------------------------
[INFO] Building es 1.0-SNAPSHOT
[INFO] ------------------------------------------------------------------------
[INFO] 
[INFO] --- maven-dependency-plugin:2.8:tree (default-cli) @ es ---
[INFO] com.sishuok:es:pom:1.0-SNAPSHOT
[INFO]                                                                         
[INFO] ------------------------------------------------------------------------
[INFO] Building parent 1.0-SNAPSHOT
[INFO] ------------------------------------------------------------------------
[INFO] 
[INFO] --- maven-dependency-plugin:2.8:tree (default-cli) @ es-parent ---
[INFO] com.sishuok:es-parent:pom:1.0-SNAPSHOT
[INFO] +- junit:junit:jar:4.11:test
[INFO] |  \- org.hamcrest:hamcrest-core:jar:1.3:test
[INFO] +- org.mockito:mockito-all:jar:1.9.5:test
[INFO] +- org.springframework:spring-test:jar:4.1.9.RELEASE:compile
[INFO] |  \- org.springframework:spring-core:jar:4.1.9.RELEASE:compile
[INFO] |     \- commons-logging:commons-logging:jar:1.2:compile
[INFO] +- com.h2database:h2:jar:1.3.174:test
[INFO] +- org.eclipse.jetty:jetty-server:jar:9.2.10.v20150310:test
[INFO] |  +- org.eclipse.jetty:jetty-http:jar:9.2.10.v20150310:test
[INFO] |  |  \- org.eclipse.jetty:jetty-util:jar:9.2.10.v20150310:test
[INFO] |  \- org.eclipse.jetty:jetty-io:jar:9.2.10.v20150310:test
[INFO] +- cglib:cglib:jar:3.1:compile
[INFO] +- org.ow2.asm:asm:jar:4.2:compile
[INFO] +- org.apache.commons:commons-lang3:jar:3.1:compile
[INFO] +- org.apache.commons:commons-collections4:jar:4.0:compile
[INFO] +- com.google.guava:guava:jar:15.0:compile
[INFO] +- commons-io:commons-io:jar:2.4:compile
[INFO] +- commons-codec:commons-codec:jar:1.7:compile
[INFO] +- commons-beanutils:commons-beanutils:jar:1.8.3:compile
[INFO] +- commons-fileupload:commons-fileupload:jar:1.3:compile
[INFO] +- org.apache.commons:commons-compress:jar:1.6:compile
[INFO] |  \- org.tukaani:xz:jar:1.4:compile
[INFO] +- org.apache.ant:ant:jar:1.9.2:compile
[INFO] +- com.alibaba:druid:jar:1.0.9:compile
[INFO] |  +- com.alibaba:jconsole:jar:1.8.0:system
[INFO] |  \- com.alibaba:tools:jar:1.8.0:system
[INFO] +- org.slf4j:slf4j-api:jar:1.7.5:compile
[INFO] +- org.slf4j:jcl-over-slf4j:jar:1.7.5:compile
[INFO] +- ch.qos.logback:logback-classic:jar:1.0.13:compile
[INFO] |  \- ch.qos.logback:logback-core:jar:1.0.13:compile
[INFO] +- javax.servlet:javax.servlet-api:jar:3.0.1:provided
[INFO] +- javax.servlet.jsp:jsp-api:jar:2.2:provided
[INFO] +- taglibs:standard:jar:1.1.2:compile
[INFO] +- javax.servlet:jstl:jar:1.2:compile
[INFO] +- org.aspectj:aspectjrt:jar:1.8.5:compile
[INFO] +- org.aspectj:aspectjweaver:jar:1.8.5:compile
[INFO] +- org.springframework:spring-context:jar:4.1.9.RELEASE:compile
[INFO] |  +- org.springframework:spring-aop:jar:4.1.9.RELEASE:compile
[INFO] |  |  \- aopalliance:aopalliance:jar:1.0:compile
[INFO] |  +- org.springframework:spring-beans:jar:4.1.9.RELEASE:compile
[INFO] |  \- org.springframework:spring-expression:jar:4.1.9.RELEASE:compile
[INFO] +- org.springframework:spring-context-support:jar:4.1.9.RELEASE:compile
[INFO] +- org.springframework:spring-jdbc:jar:4.1.9.RELEASE:compile
[INFO] +- org.springframework:spring-orm:jar:4.1.9.RELEASE:compile
[INFO] +- org.springframework:spring-tx:jar:4.1.9.RELEASE:compile
[INFO] +- org.springframework:spring-webmvc:jar:4.1.9.RELEASE:compile
[INFO] +- org.springframework:spring-web:jar:4.1.9.RELEASE:compile
[INFO] +- org.springframework.data:spring-data-jpa:jar:1.4.1.RELEASE:compile
[INFO] |  \- org.springframework.data:spring-data-commons:jar:1.6.1.RELEASE:compile
[INFO] +- org.hibernate:hibernate-core:jar:4.3.0.Final:compile
[INFO] |  +- org.jboss.logging:jboss-logging:jar:3.1.3.GA:compile
[INFO] |  +- org.jboss.logging:jboss-logging-annotations:jar:1.2.0.Beta1:compile
[INFO] |  +- org.jboss.spec.javax.transaction:jboss-transaction-api_1.2_spec:jar:1.0.0.Final:compile
[INFO] |  +- org.hibernate.javax.persistence:hibernate-jpa-2.1-api:jar:1.0.0.Final:compile
[INFO] |  +- antlr:antlr:jar:2.7.7:compile
[INFO] |  \- org.jboss:jandex:jar:1.1.0.Final:compile
[INFO] +- org.hibernate:hibernate-entitymanager:jar:4.3.0.Final:compile
[INFO] +- org.javassist:javassist:jar:3.18.0-GA:compile
[INFO] +- org.hibernate:hibernate-ehcache:jar:4.3.0.Final:compile
[INFO] +- org.hibernate.common:hibernate-commons-annotations:jar:4.0.5.Final:compile
[INFO] +- org.hibernate:hibernate-validator:jar:5.0.2.Final:compile
[INFO] |  +- javax.validation:validation-api:jar:1.1.0.Final:compile
[INFO] |  \- com.fasterxml:classmate:jar:1.0.0:compile
[INFO] +- org.apache.shiro:shiro-core:jar:1.2.2:compile
[INFO] +- org.apache.shiro:shiro-web:jar:1.2.2:compile
[INFO] +- org.apache.shiro:shiro-aspectj:jar:1.2.2:compile
[INFO] +- org.apache.shiro:shiro-ehcache:jar:1.2.2:compile
[INFO] +- org.apache.shiro:shiro-spring:jar:1.2.2:compile
[INFO] +- net.sf.ehcache:ehcache-core:jar:2.6.6:compile
[INFO] +- com.alibaba:fastjson:jar:1.1.34:compile
[INFO] +- org.apache.httpcomponents:httpclient:jar:4.3.1:compile
[INFO] |  \- org.apache.httpcomponents:httpcore:jar:4.3:compile
[INFO] +- dom4j:dom4j:jar:1.6.1:compile
[INFO] +- org.ocpsoft.prettytime:prettytime:jar:3.2.3.Final:compile
[INFO] +- joda-time:joda-time:jar:2.3:compile
[INFO] +- com.octo.captcha:jcaptcha-api:jar:1.0:compile
[INFO] +- com.octo.captcha:jcaptcha:jar:2.0-alpha-1:compile
[INFO] +- com.octo.captcha:jcaptcha-integration-simple-servlet:jar:2.0-alpha-1:compile
[INFO] \- org.jsoup:jsoup:jar:1.7.3:compile
[INFO]                                                                         
[INFO] ------------------------------------------------------------------------
[INFO] Building common 1.0-SNAPSHOT
[INFO] ------------------------------------------------------------------------
[INFO] 
[INFO] --- maven-dependency-plugin:2.8:tree (default-cli) @ es-common ---
[INFO] com.sishuok:es-common:jar:1.0-SNAPSHOT
[INFO] +- junit:junit:jar:4.11:test
[INFO] |  \- org.hamcrest:hamcrest-core:jar:1.3:test
[INFO] +- org.mockito:mockito-all:jar:1.9.5:test
[INFO] +- org.springframework:spring-test:jar:4.1.9.RELEASE:compile
[INFO] |  \- org.springframework:spring-core:jar:4.1.9.RELEASE:compile
[INFO] |     \- commons-logging:commons-logging:jar:1.2:compile
[INFO] +- com.h2database:h2:jar:1.3.174:test
[INFO] +- org.eclipse.jetty:jetty-server:jar:9.2.10.v20150310:test
[INFO] |  +- org.eclipse.jetty:jetty-http:jar:9.2.10.v20150310:test
[INFO] |  |  \- org.eclipse.jetty:jetty-util:jar:9.2.10.v20150310:test
[INFO] |  \- org.eclipse.jetty:jetty-io:jar:9.2.10.v20150310:test
[INFO] +- cglib:cglib:jar:3.1:compile
[INFO] +- org.ow2.asm:asm:jar:4.2:compile
[INFO] +- org.apache.commons:commons-lang3:jar:3.1:compile
[INFO] +- org.apache.commons:commons-collections4:jar:4.0:compile
[INFO] +- com.google.guava:guava:jar:15.0:compile
[INFO] +- commons-io:commons-io:jar:2.4:compile
[INFO] +- commons-codec:commons-codec:jar:1.7:compile
[INFO] +- commons-beanutils:commons-beanutils:jar:1.8.3:compile
[INFO] +- commons-fileupload:commons-fileupload:jar:1.3:compile
[INFO] +- org.apache.commons:commons-compress:jar:1.6:compile
[INFO] |  \- org.tukaani:xz:jar:1.4:compile
[INFO] +- org.apache.ant:ant:jar:1.9.2:compile
[INFO] +- com.alibaba:druid:jar:1.0.9:compile
[INFO] |  +- com.alibaba:jconsole:jar:1.8.0:system
[INFO] |  \- com.alibaba:tools:jar:1.8.0:system
[INFO] +- org.slf4j:slf4j-api:jar:1.7.5:compile
[INFO] +- org.slf4j:jcl-over-slf4j:jar:1.7.5:compile
[INFO] +- ch.qos.logback:logback-classic:jar:1.0.13:compile
[INFO] |  \- ch.qos.logback:logback-core:jar:1.0.13:compile
[INFO] +- javax.servlet:javax.servlet-api:jar:3.0.1:provided
[INFO] +- javax.servlet.jsp:jsp-api:jar:2.2:provided
[INFO] +- taglibs:standard:jar:1.1.2:compile
[INFO] +- javax.servlet:jstl:jar:1.2:compile
[INFO] +- org.aspectj:aspectjrt:jar:1.8.5:compile
[INFO] +- org.aspectj:aspectjweaver:jar:1.8.5:compile
[INFO] +- org.springframework:spring-context:jar:4.1.9.RELEASE:compile
[INFO] |  +- org.springframework:spring-aop:jar:4.1.9.RELEASE:compile
[INFO] |  |  \- aopalliance:aopalliance:jar:1.0:compile
[INFO] |  +- org.springframework:spring-beans:jar:4.1.9.RELEASE:compile
[INFO] |  \- org.springframework:spring-expression:jar:4.1.9.RELEASE:compile
[INFO] +- org.springframework:spring-context-support:jar:4.1.9.RELEASE:compile
[INFO] +- org.springframework:spring-jdbc:jar:4.1.9.RELEASE:compile
[INFO] +- org.springframework:spring-orm:jar:4.1.9.RELEASE:compile
[INFO] +- org.springframework:spring-tx:jar:4.1.9.RELEASE:compile
[INFO] +- org.springframework:spring-webmvc:jar:4.1.9.RELEASE:compile
[INFO] +- org.springframework:spring-web:jar:4.1.9.RELEASE:compile
[INFO] +- org.springframework.data:spring-data-jpa:jar:1.4.1.RELEASE:compile
[INFO] |  \- org.springframework.data:spring-data-commons:jar:1.6.1.RELEASE:compile
[INFO] +- org.hibernate:hibernate-core:jar:4.3.0.Final:compile
[INFO] |  +- org.jboss.logging:jboss-logging:jar:3.1.3.GA:compile
[INFO] |  +- org.jboss.logging:jboss-logging-annotations:jar:1.2.0.Beta1:compile
[INFO] |  +- org.jboss.spec.javax.transaction:jboss-transaction-api_1.2_spec:jar:1.0.0.Final:compile
[INFO] |  +- org.hibernate.javax.persistence:hibernate-jpa-2.1-api:jar:1.0.0.Final:compile
[INFO] |  +- antlr:antlr:jar:2.7.7:compile
[INFO] |  \- org.jboss:jandex:jar:1.1.0.Final:compile
[INFO] +- org.hibernate:hibernate-entitymanager:jar:4.3.0.Final:compile
[INFO] +- org.javassist:javassist:jar:3.18.0-GA:compile
[INFO] +- org.hibernate:hibernate-ehcache:jar:4.3.0.Final:compile
[INFO] +- org.hibernate.common:hibernate-commons-annotations:jar:4.0.5.Final:compile
[INFO] +- org.hibernate:hibernate-validator:jar:5.0.2.Final:compile
[INFO] |  +- javax.validation:validation-api:jar:1.1.0.Final:compile
[INFO] |  \- com.fasterxml:classmate:jar:1.0.0:compile
[INFO] +- org.apache.shiro:shiro-core:jar:1.2.2:compile
[INFO] +- org.apache.shiro:shiro-web:jar:1.2.2:compile
[INFO] +- org.apache.shiro:shiro-aspectj:jar:1.2.2:compile
[INFO] +- org.apache.shiro:shiro-ehcache:jar:1.2.2:compile
[INFO] +- org.apache.shiro:shiro-spring:jar:1.2.2:compile
[INFO] +- net.sf.ehcache:ehcache-core:jar:2.6.6:compile
[INFO] +- com.alibaba:fastjson:jar:1.1.34:compile
[INFO] +- org.apache.httpcomponents:httpclient:jar:4.3.1:compile
[INFO] |  \- org.apache.httpcomponents:httpcore:jar:4.3:compile
[INFO] +- dom4j:dom4j:jar:1.6.1:compile
[INFO] +- org.ocpsoft.prettytime:prettytime:jar:3.2.3.Final:compile
[INFO] +- joda-time:joda-time:jar:2.3:compile
[INFO] +- com.octo.captcha:jcaptcha-api:jar:1.0:compile
[INFO] +- com.octo.captcha:jcaptcha:jar:2.0-alpha-1:compile
[INFO] +- com.octo.captcha:jcaptcha-integration-simple-servlet:jar:2.0-alpha-1:compile
[INFO] \- org.jsoup:jsoup:jar:1.7.3:compile
[INFO]                                                                         
[INFO] ------------------------------------------------------------------------
[INFO] Building web 1.0-SNAPSHOT
[INFO] ------------------------------------------------------------------------
Downloading: http://mvn.dianpingoa.com/dianping-snapshots/com/sishuok/es-common/1.0-SNAPSHOT/maven-metadata.xml
Downloading: http://maven.sankuai.com/nexus/content/groups/public-snapshots/com/sishuok/es-common/1.0-SNAPSHOT/maven-metadata.xml
[INFO] 
[INFO] --- maven-dependency-plugin:2.8:tree (default-cli) @ es-web ---
[INFO] com.sishuok:es-web:war:1.0-SNAPSHOT
[INFO] +- com.sishuok:es-common:jar:1.0-SNAPSHOT:compile
[INFO] +- mysql:mysql-connector-java:jar:5.1.27:compile
[INFO] +- com.yahoo.platform.yui:yuicompressor:jar:2.4.2:compile
[INFO] +- org.apache.poi:poi:jar:3.9:compile
[INFO] +- org.apache.poi:poi-ooxml:jar:3.9:compile
[INFO] |  \- org.apache.poi:poi-ooxml-schemas:jar:3.9:compile
[INFO] |     \- org.apache.xmlbeans:xmlbeans:jar:2.3.0:compile
[INFO] |        \- stax:stax-api:jar:1.0.1:compile
[INFO] +- junit:junit:jar:4.11:test
[INFO] |  \- org.hamcrest:hamcrest-core:jar:1.3:test
[INFO] +- org.mockito:mockito-all:jar:1.9.5:test
[INFO] +- org.springframework:spring-test:jar:4.1.9.RELEASE:compile
[INFO] |  \- org.springframework:spring-core:jar:4.1.9.RELEASE:compile
[INFO] |     \- commons-logging:commons-logging:jar:1.2:compile
[INFO] +- com.h2database:h2:jar:1.3.174:test
[INFO] +- org.eclipse.jetty:jetty-server:jar:8.1.8.v20121106:test
[INFO] |  +- org.eclipse.jetty:jetty-continuation:jar:8.1.8.v20121106:test
[INFO] |  \- org.eclipse.jetty:jetty-http:jar:8.1.8.v20121106:test
[INFO] |     \- org.eclipse.jetty:jetty-io:jar:8.1.8.v20121106:test
[INFO] |        \- org.eclipse.jetty:jetty-util:jar:8.1.8.v20121106:test
[INFO] +- cglib:cglib:jar:3.1:compile
[INFO] +- org.ow2.asm:asm:jar:4.2:compile
[INFO] +- org.apache.commons:commons-lang3:jar:3.1:compile
[INFO] +- org.apache.commons:commons-collections4:jar:4.0:compile
[INFO] +- com.google.guava:guava:jar:15.0:compile
[INFO] +- commons-io:commons-io:jar:2.4:compile
[INFO] +- commons-codec:commons-codec:jar:1.7:compile
[INFO] +- commons-beanutils:commons-beanutils:jar:1.8.3:compile
[INFO] +- commons-fileupload:commons-fileupload:jar:1.3:compile
[INFO] +- org.apache.commons:commons-compress:jar:1.6:compile
[INFO] |  \- org.tukaani:xz:jar:1.4:compile
[INFO] +- org.apache.ant:ant:jar:1.9.2:compile
[INFO] +- com.alibaba:druid:jar:1.0.9:compile
[INFO] |  +- com.alibaba:jconsole:jar:1.8.0:system
[INFO] |  \- com.alibaba:tools:jar:1.8.0:system
[INFO] +- org.slf4j:slf4j-api:jar:1.7.5:compile
[INFO] +- org.slf4j:jcl-over-slf4j:jar:1.7.5:compile
[INFO] +- ch.qos.logback:logback-classic:jar:1.0.13:compile
[INFO] |  \- ch.qos.logback:logback-core:jar:1.0.13:compile
[INFO] +- javax.servlet:javax.servlet-api:jar:3.0.1:provided
[INFO] +- javax.servlet.jsp:jsp-api:jar:2.2:provided
[INFO] +- taglibs:standard:jar:1.1.2:compile
[INFO] +- javax.servlet:jstl:jar:1.2:compile
[INFO] +- org.aspectj:aspectjrt:jar:1.8.5:compile
[INFO] +- org.aspectj:aspectjweaver:jar:1.8.5:compile
[INFO] +- org.springframework:spring-context:jar:4.1.9.RELEASE:compile
[INFO] |  +- org.springframework:spring-aop:jar:4.1.9.RELEASE:compile
[INFO] |  |  \- aopalliance:aopalliance:jar:1.0:compile
[INFO] |  +- org.springframework:spring-beans:jar:4.1.9.RELEASE:compile
[INFO] |  \- org.springframework:spring-expression:jar:4.1.9.RELEASE:compile
[INFO] +- org.springframework:spring-context-support:jar:4.1.9.RELEASE:compile
[INFO] +- org.springframework:spring-jdbc:jar:4.1.9.RELEASE:compile
[INFO] +- org.springframework:spring-orm:jar:4.1.9.RELEASE:compile
[INFO] +- org.springframework:spring-tx:jar:4.1.9.RELEASE:compile
[INFO] +- org.springframework:spring-webmvc:jar:4.1.9.RELEASE:compile
[INFO] +- org.springframework:spring-web:jar:4.1.9.RELEASE:compile
[INFO] +- org.springframework.data:spring-data-jpa:jar:1.4.1.RELEASE:compile
[INFO] |  \- org.springframework.data:spring-data-commons:jar:1.6.1.RELEASE:compile
[INFO] +- org.hibernate:hibernate-core:jar:4.3.0.Final:compile
[INFO] |  +- org.jboss.logging:jboss-logging:jar:3.1.3.GA:compile
[INFO] |  +- org.jboss.logging:jboss-logging-annotations:jar:1.2.0.Beta1:compile
[INFO] |  +- org.jboss.spec.javax.transaction:jboss-transaction-api_1.2_spec:jar:1.0.0.Final:compile
[INFO] |  +- org.hibernate.javax.persistence:hibernate-jpa-2.1-api:jar:1.0.0.Final:compile
[INFO] |  +- antlr:antlr:jar:2.7.7:compile
[INFO] |  \- org.jboss:jandex:jar:1.1.0.Final:compile
[INFO] +- org.hibernate:hibernate-entitymanager:jar:4.3.0.Final:compile
[INFO] +- org.javassist:javassist:jar:3.18.0-GA:compile
[INFO] +- org.hibernate:hibernate-ehcache:jar:4.3.0.Final:compile
[INFO] +- org.hibernate.common:hibernate-commons-annotations:jar:4.0.5.Final:compile
[INFO] +- org.hibernate:hibernate-validator:jar:5.0.2.Final:compile
[INFO] |  +- javax.validation:validation-api:jar:1.1.0.Final:compile
[INFO] |  \- com.fasterxml:classmate:jar:1.0.0:compile
[INFO] +- org.apache.shiro:shiro-core:jar:1.2.2:compile
[INFO] +- org.apache.shiro:shiro-web:jar:1.2.2:compile
[INFO] +- org.apache.shiro:shiro-aspectj:jar:1.2.2:compile
[INFO] +- org.apache.shiro:shiro-ehcache:jar:1.2.2:compile
[INFO] +- org.apache.shiro:shiro-spring:jar:1.2.2:compile
[INFO] +- net.sf.ehcache:ehcache-core:jar:2.6.6:compile
[INFO] +- com.alibaba:fastjson:jar:1.1.34:compile
[INFO] +- org.apache.httpcomponents:httpclient:jar:4.3.1:compile
[INFO] |  \- org.apache.httpcomponents:httpcore:jar:4.3:compile
[INFO] +- dom4j:dom4j:jar:1.6.1:compile
[INFO] +- org.ocpsoft.prettytime:prettytime:jar:3.2.3.Final:compile
[INFO] +- joda-time:joda-time:jar:2.3:compile
[INFO] +- com.octo.captcha:jcaptcha-api:jar:1.0:compile
[INFO] +- com.octo.captcha:jcaptcha:jar:2.0-alpha-1:compile
[INFO] +- com.octo.captcha:jcaptcha-integration-simple-servlet:jar:2.0-alpha-1:compile
[INFO] \- org.jsoup:jsoup:jar:1.7.3:compile
[INFO] ------------------------------------------------------------------------
[INFO] Reactor Summary:
[INFO] 
[INFO] es ................................................. SUCCESS [  0.992 s]
[INFO] parent ............................................. SUCCESS [  0.556 s]
[INFO] common ............................................. SUCCESS [  0.127 s]
[INFO] web ................................................ SUCCESS [  2.296 s]
[INFO] ------------------------------------------------------------------------
[INFO] BUILD SUCCESS
[INFO] ------------------------------------------------------------------------
[INFO] Total time: 4.409 s
[INFO] Finished at: 2016-07-30T14:34:07+08:00
[INFO] Final Memory: 18M/228M
[INFO] ------------------------------------------------------------------------
